\BOOKMARK [1][-]{section.1}{\376\377\000I\000n\000t\000r\000o\000d\000u\000c\000t\000i\000o\000n}{}% 1
\BOOKMARK [1][-]{section.2}{\376\377\000B\000a\000c\000k\000g\000r\000o\000u\000n\000d}{}% 2
\BOOKMARK [2][-]{subsection.2.1}{\376\377\000E\000p\000i\000p\000l\000e\000x\000i\000t\000y\000\040\000a\000n\000d\000\040\000t\000i\000m\000e\000-\000b\000o\000u\000n\000d\000e\000d\000\040\000M\000D\000L}{section.2}% 3
\BOOKMARK [2][-]{subsection.2.2}{\376\377\000G\000r\000a\000p\000h\000\040\000W\000i\000r\000i\000n\000g\000\040\000a\000n\000d\000\040\000t\000h\000e\000\040\000A\000r\000r\000o\000w\000S\000p\000a\000c\000e\000\040\000A\000l\000g\000o\000r\000i\000t\000h\000m}{section.2}% 4
\BOOKMARK [1][-]{section.3}{\376\377\000E\000p\000i\000p\000l\000e\000x\000i\000t\000y\000\040\000C\000o\000m\000p\000u\000t\000a\000t\000i\000o\000n\000:\000\040\000A\000\040\000T\000u\000t\000o\000r\000i\000a\000l\000\040\000N\000o\000t\000e\000b\000o\000o\000k}{}% 5
\BOOKMARK [2][-]{subsection.3.1}{\376\377\000C\000e\000l\000l\000\040\0001\000\040\040\024\000\040\000D\000e\000p\000e\000n\000d\000e\000n\000c\000i\000e\000s}{section.3}% 6
\BOOKMARK [2][-]{subsection.3.2}{\376\377\000C\000e\000l\000l\000\040\0002\000\040\040\024\000\040\000C\000o\000r\000e\000\040\000E\000p\000i\000p\000l\000e\000x\000i\000t\000y\000\040\000D\000e\000f\000i\000n\000i\000t\000i\000o\000n\000s\000\040\000\050\000\247\0001\000\051}{section.3}% 7
\BOOKMARK [2][-]{subsection.3.3}{\376\377\000C\000e\000l\000l\000\040\0003\000\040\040\024\000\040\000T\000h\000e\000\040\000A\000r\000r\000o\000w\000S\000p\000a\000c\000e\000\040\000P\000i\000p\000e\000l\000i\000n\000e\000\040\000a\000s\000\040\000a\000\040\000P\000r\000e\000f\000i\000x\000-\000F\000r\000e\000e\000\040\000P\000r\000o\000g\000r\000a\000m\000\040\000\050\000\247\0002\000\051}{section.3}% 8
\BOOKMARK [2][-]{subsection.3.4}{\376\377\000C\000e\000l\000l\000\040\0004\000\040\040\024\000\040\000T\000h\000e\000\040\000L\000G\000M\000R\000F\000\040\000P\000r\000o\000b\000a\000b\000i\000l\000i\000s\000t\000i\000c\000\040\000W\000r\000a\000p\000p\000e\000r\000\040\000\050\000\247\0003\000\051}{section.3}% 9
\BOOKMARK [2][-]{subsection.3.5}{\376\377\000C\000e\000l\000l\000\040\0005\000\040\040\024\000\040\000T\000h\000e\000\040\000F\000u\000l\000l\000\040\000M\000D\000L\000\040\000T\000o\000o\000l\000k\000i\000t\000\040\000a\000n\000d\000\040\000C\000o\000m\000p\000r\000e\000s\000s\000i\000o\000n\000\040\000T\000e\000s\000t\000\040\000\050\000\247\0004\000\051}{section.3}% 10
\BOOKMARK [2][-]{subsection.3.6}{\376\377\000C\000e\000l\000l\000\040\0006\000\040\040\024\000\040\000S\000t\000r\000u\000c\000t\000u\000r\000a\000l\000\040\000D\000i\000a\000g\000n\000o\000s\000t\000i\000c\000s\000\040\000\050\000\247\0005\000\051}{section.3}% 11
\BOOKMARK [2][-]{subsection.3.7}{\376\377\000C\000e\000l\000l\000s\000\040\0007\040\023\0009\000\040\040\024\000\040\000M\000u\000l\000t\000i\000-\000C\000l\000a\000s\000s\000\040\000A\000p\000p\000l\000i\000c\000a\000t\000i\000o\000n\000s\000,\000\040\000L\000L\000M\000\040\000T\000o\000o\000l\000s\000,\000\040\000a\000n\000d\000\040\000V\000i\000s\000u\000a\000l\000i\000s\000a\000t\000i\000o\000n\000s\000\040\000\050\000\247\0006\040\023\000\247\0009\000\051}{section.3}% 12
\BOOKMARK [1][-]{section.4}{\376\377\000C\000a\000s\000e\000\040\000S\000t\000u\000d\000y\000:\000\040\000A\000r\000r\000o\000w\000S\000p\000a\000c\000e\000\040\000o\000n\000\040\000C\000V\000E\000\040\0001\0009\0009\0009\040\023\0002\0000\0002\0005}{}% 13
\BOOKMARK [2][-]{subsection.4.1}{\376\377\000\247\0001\040\023\000\247\0002\000:\000\040\000D\000a\000t\000a\000\040\000l\000o\000a\000d\000i\000n\000g\000,\000\040\000g\000r\000a\000p\000h\000\040\000p\000a\000r\000a\000m\000e\000t\000e\000r\000s\000,\000\040\000a\000n\000d\000\040\000L\000a\000p\000l\000a\000c\000i\000a\000n\000\040\000e\000x\000t\000r\000a\000c\000t\000i\000o\000n}{section.4}% 14
\BOOKMARK [2][-]{subsection.4.2}{\376\377\000\247\0006\040\023\000\247\0007\000:\000\040\000M\000D\000L\000\040\000C\000o\000d\000e\000\040\000a\000n\000d\000\040\000L\000G\000M\000R\000F\000\040\000M\000o\000d\000e\000l}{section.4}% 15
\BOOKMARK [2][-]{subsection.4.3}{\376\377\000\247\0008\040\023\000\247\0001\0001\000:\000\040\000R\000a\000y\000l\000e\000i\000g\000h\000\040\000D\000i\000s\000t\000r\000i\000b\000u\000t\000i\000o\000n\000s\000,\000\040\000M\000D\000L\000,\000\040\000a\000n\000d\000\040\000S\000p\000e\000c\000t\000r\000a\000l\000\040\000D\000i\000a\000g\000n\000o\000s\000t\000i\000c\000s}{section.4}% 16
\BOOKMARK [2][-]{subsection.4.4}{\376\377\000\247\0001\0002\040\023\000\247\0001\0005\000:\000\040\000M\000u\000l\000t\000i\000-\000C\000l\000a\000s\000s\000\040\000A\000p\000p\000l\000i\000c\000a\000t\000i\000o\000n\000s\000\040\000a\000n\000d\000\040\000L\000L\000M\000\040\000E\000n\000g\000i\000n\000e\000e\000r\000i\000n\000g\000\040\000T\000o\000o\000l\000s}{section.4}% 17
\BOOKMARK [1][-]{section.5}{\376\377\000R\000e\000s\000u\000l\000t\000s\000\040\000a\000n\000d\000\040\000D\000i\000s\000c\000u\000s\000s\000i\000o\000n}{}% 18
\BOOKMARK [2][-]{subsection.5.1}{\376\377\000S\000t\000r\000u\000c\000t\000u\000r\000a\000l\000\040\000I\000n\000f\000o\000r\000m\000a\000t\000i\000o\000n\000\040\000D\000i\000a\000g\000n\000o\000s\000t\000i\000c\000:\000\040\000C\000V\000E\000\040\0001\0009\0009\0009\040\023\0002\0000\0002\0005}{section.5}% 19
\BOOKMARK [2][-]{subsection.5.2}{\376\377\000S\000O\000T\000A\000\040\000C\000o\000m\000p\000a\000r\000i\000s\000o\000n}{section.5}% 20
\BOOKMARK [2][-]{subsection.5.3}{\376\377\000S\000e\000a\000r\000c\000h\000\040\000P\000e\000r\000f\000o\000r\000m\000a\000n\000c\000e\000\040\000a\000s\000\040\000a\000n\000\040\000E\000m\000p\000i\000r\000i\000c\000a\000l\000\040\000C\000e\000r\000t\000i\000f\000i\000c\000a\000t\000e}{section.5}% 21
\BOOKMARK [2][-]{subsection.5.4}{\376\377\000O\000b\000s\000e\000r\000v\000e\000r\000-\000D\000e\000p\000e\000n\000d\000e\000n\000c\000e\000\040\000a\000n\000d\000\040\000H\000y\000p\000e\000r\000p\000a\000r\000a\000m\000e\000t\000e\000r\000\040\000S\000c\000a\000l\000i\000n\000g}{section.5}% 22
\BOOKMARK [2][-]{subsection.5.5}{\376\377\000I\000m\000p\000l\000i\000c\000a\000t\000i\000o\000n\000s\000\040\000f\000o\000r\000\040\000L\000L\000M\000\040\000D\000a\000t\000a\000\040\000E\000n\000g\000i\000n\000e\000e\000r\000i\000n\000g}{section.5}% 23
\BOOKMARK [1][-]{section.6}{\376\377\000C\000o\000n\000c\000l\000u\000s\000i\000o\000n}{}% 24
\BOOKMARK [1][-]{section.7}{\376\377\000A\000c\000k\000n\000o\000w\000l\000e\000d\000g\000e\000m\000e\000n\000t\000s}{}% 25
